have_header: checking for locale.h... -------------------- yes

"gcc -o conftest -I/usr/include/ruby-2.7.0/x86_64-linux -I/usr/include/ruby-2.7.0/ruby/backward -I/usr/include/ruby-2.7.0 -I. -D_FORTIFY_SOURCE=2   -march=x86-64 -mtune=generic -O2 -pipe -fno-plt -fPIC conftest.c  -L. -L/usr/lib -L. -Wl,-O1,--sort-common,--as-needed,-z,relro,-z,now -fstack-protector-strong -rdynamic -Wl,-export-dynamic     -lruby  -lm   -lc"
checked program was:
/* begin */
1: #include "ruby.h"
2: 
3: int main(int argc, char **argv)
4: {
5:   return !!argv[argc];
6: }
/* end */

"gcc -E -I/usr/include/ruby-2.7.0/x86_64-linux -I/usr/include/ruby-2.7.0/ruby/backward -I/usr/include/ruby-2.7.0 -I. -D_FORTIFY_SOURCE=2   -march=x86-64 -mtune=generic -O2 -pipe -fno-plt -fPIC  conftest.c -o conftest.i"
checked program was:
/* begin */
1: #include "ruby.h"
2: 
3: #include <locale.h>
/* end */

--------------------

have_func: checking for setlocale()... -------------------- yes

"gcc -o conftest -I/usr/include/ruby-2.7.0/x86_64-linux -I/usr/include/ruby-2.7.0/ruby/backward -I/usr/include/ruby-2.7.0 -I. -D_FORTIFY_SOURCE=2   -march=x86-64 -mtune=generic -O2 -pipe -fno-plt -fPIC conftest.c  -L. -L/usr/lib -L. -Wl,-O1,--sort-common,--as-needed,-z,relro,-z,now -fstack-protector-strong -rdynamic -Wl,-export-dynamic     -lruby  -lm   -lc"
conftest.c: In function ‘t’:
conftest.c:14:57: error: ‘setlocale’ undeclared (first use in this function)
   14 | int t(void) { void ((*volatile p)()); p = (void ((*)()))setlocale; return !p; }
      |                                                         ^~~~~~~~~
conftest.c:14:57: note: each undeclared identifier is reported only once for each function it appears in
checked program was:
/* begin */
 1: #include "ruby.h"
 2: 
 3: /*top*/
 4: extern int t(void);
 5: int main(int argc, char **argv)
 6: {
 7:   if (argc > 1000000) {
 8:     int (* volatile tp)(void)=(int (*)(void))&t;
 9:     printf("%d", (*tp)());
10:   }
11: 
12:   return !!argv[argc];
13: }
14: int t(void) { void ((*volatile p)()); p = (void ((*)()))setlocale; return !p; }
/* end */

"gcc -o conftest -I/usr/include/ruby-2.7.0/x86_64-linux -I/usr/include/ruby-2.7.0/ruby/backward -I/usr/include/ruby-2.7.0 -I. -D_FORTIFY_SOURCE=2   -march=x86-64 -mtune=generic -O2 -pipe -fno-plt -fPIC conftest.c  -L. -L/usr/lib -L. -Wl,-O1,--sort-common,--as-needed,-z,relro,-z,now -fstack-protector-strong -rdynamic -Wl,-export-dynamic     -lruby  -lm   -lc"
checked program was:
/* begin */
 1: #include "ruby.h"
 2: 
 3: /*top*/
 4: extern int t(void);
 5: int main(int argc, char **argv)
 6: {
 7:   if (argc > 1000000) {
 8:     int (* volatile tp)(void)=(int (*)(void))&t;
 9:     printf("%d", (*tp)());
10:   }
11: 
12:   return !!argv[argc];
13: }
14: extern void setlocale();
15: int t(void) { setlocale(); return 0; }
/* end */

--------------------

have_func: checking for strcoll()... -------------------- yes

"gcc -o conftest -I/usr/include/ruby-2.7.0/x86_64-linux -I/usr/include/ruby-2.7.0/ruby/backward -I/usr/include/ruby-2.7.0 -I. -D_FORTIFY_SOURCE=2   -march=x86-64 -mtune=generic -O2 -pipe -fno-plt -fPIC conftest.c  -L. -L/usr/lib -L. -Wl,-O1,--sort-common,--as-needed,-z,relro,-z,now -fstack-protector-strong -rdynamic -Wl,-export-dynamic     -lruby  -lm   -lc"
checked program was:
/* begin */
 1: #include "ruby.h"
 2: 
 3: /*top*/
 4: extern int t(void);
 5: int main(int argc, char **argv)
 6: {
 7:   if (argc > 1000000) {
 8:     int (* volatile tp)(void)=(int (*)(void))&t;
 9:     printf("%d", (*tp)());
10:   }
11: 
12:   return !!argv[argc];
13: }
14: int t(void) { void ((*volatile p)()); p = (void ((*)()))strcoll; return !p; }
/* end */

--------------------

have_func: checking for strxfrm()... -------------------- yes

"gcc -o conftest -I/usr/include/ruby-2.7.0/x86_64-linux -I/usr/include/ruby-2.7.0/ruby/backward -I/usr/include/ruby-2.7.0 -I. -D_FORTIFY_SOURCE=2   -march=x86-64 -mtune=generic -O2 -pipe -fno-plt -fPIC conftest.c  -L. -L/usr/lib -L. -Wl,-O1,--sort-common,--as-needed,-z,relro,-z,now -fstack-protector-strong -rdynamic -Wl,-export-dynamic     -lruby  -lm   -lc"
checked program was:
/* begin */
 1: #include "ruby.h"
 2: 
 3: /*top*/
 4: extern int t(void);
 5: int main(int argc, char **argv)
 6: {
 7:   if (argc > 1000000) {
 8:     int (* volatile tp)(void)=(int (*)(void))&t;
 9:     printf("%d", (*tp)());
10:   }
11: 
12:   return !!argv[argc];
13: }
14: int t(void) { void ((*volatile p)()); p = (void ((*)()))strxfrm; return !p; }
/* end */

--------------------

