00:00:00.114246 VirtualBox GUI VM Selector Window 6.1.0 r135406 linux.amd64 (Dec 12 2019 21:11:25) release log
00:00:00.114247 Log opened 2020-01-08T23:13:38.885324000Z
00:00:00.114248 Build Type: release
00:00:00.114249 OS Product: Linux
00:00:00.114250 OS Release: 5.4.8-arch1-1
00:00:00.114251 OS Version: #1 SMP PREEMPT Sat, 04 Jan 2020 23:46:18 +0000
00:00:00.114265 DMI Product Name: XPS 15 9570
00:00:00.114270 DMI Product Version: 
00:00:00.114274 Firmware type: UEFI
00:00:00.115364 Secure Boot: Disabled
00:00:00.115410 Host RAM: 15758MB (15.3GB) total, 7906MB (7.7GB) available
00:00:00.115412 Executable: /usr/lib/virtualbox/VirtualBox
00:00:00.115413 Process ID: 78148
00:00:00.115413 Package type: LINUX_64BITS_GENERIC (OSE)
00:00:00.115433 Qt version: 5.14.0
00:00:00.143193 GUI: UIMediumEnumerator: Medium-enumeration started...
00:00:00.441297 GUI: UIDesktopWidgetWatchdog::sltHandleHostScreenAvailableGeometryCalculated: Screen 0 work area is actually resized to: 2567x14 x 1239x974
00:00:00.474417 GUI: UIMediumEnumerator: Medium-enumeration finished!
00:00:34.163939 GUI: UIMediumEnumerator: Medium-enumeration finished!
00:01:18.542391 GUI: UIMediumEnumerator: Medium-enumeration finished!
