00:00:00.001767 main     VirtualBox XPCOM Server 6.1.0 r135406 linux.amd64 (Dec 12 2019 21:11:25) release log
00:00:00.001769 main     Log opened 2020-01-08T21:59:59.912578000Z
00:00:00.001769 main     Build Type: release
00:00:00.001771 main     OS Product: Linux
00:00:00.001772 main     OS Release: 5.4.8-arch1-1
00:00:00.001772 main     OS Version: #1 SMP PREEMPT Sat, 04 Jan 2020 23:46:18 +0000
00:00:00.001785 main     DMI Product Name: XPS 15 9570
00:00:00.001791 main     DMI Product Version: 
00:00:00.001794 main     Firmware type: UEFI
00:00:00.002836 main     Secure Boot: Disabled
00:00:00.002859 main     Host RAM: 15758MB (15.3GB) total, 15351MB (14.9GB) available
00:00:00.002861 main     Executable: /usr/lib/virtualbox/VBoxSVC
00:00:00.002861 main     Process ID: 4798
00:00:00.002862 main     Package type: LINUX_64BITS_GENERIC (OSE)
00:00:00.003956 main     IPC socket path: /tmp/.vbox-michael-ipc/ipcd
00:00:00.112103 nspr-2   VirtualBox: object creation starts
00:00:00.112234 nspr-2   Home directory: '/home/michael/.config/VirtualBox'
00:00:00.112815 nspr-2   Loading settings file "/home/michael/.config/VirtualBox/VirtualBox.xml" with version "1.12-linux"
00:00:00.123894 nspr-2   USB: Unknown USB device detected (idVendor: 0x0cf3, idProduct: 0xe300)
00:00:00.124211 nspr-2   Successfully initialised host USB using sysfs
00:00:00.152378 nspr-2   NetIfAdpCtlOut: VBoxNetAdpCtl: Error while retrieving link speed for wlp59s0: VBoxNetAdpCtl: ioctl failed: Operation not supported
00:00:00.153558 nspr-2   HostDnsMonitor: initializing
00:00:00.154089 nspr-2   NAT: resolv.conf: nameserver 192.168.20.1
00:00:00.154127 nspr-2   HostDnsMonitor: updating information
00:00:00.154157 nspr-2   HostDnsMonitor: old information
00:00:00.154164 nspr-2     no server entries
00:00:00.154171 nspr-2     no domain set
00:00:00.154177 nspr-2     no search string entries
00:00:00.154184 nspr-2   HostDnsMonitor: new information
00:00:00.154190 nspr-2     server 1: 192.168.20.1
00:00:00.154198 nspr-2     domain: Home
00:00:00.154204 nspr-2     search string 1: Home
00:00:00.165079 nspr-2   VD: VDInit finished with VINF_SUCCESS
00:00:00.165897 nspr-2   ERROR [COM]: aRC=NS_ERROR_FAILURE (0x80004005) aIID={027bc463-929c-40e8-bf16-fea557cd8e7e} aComponent={SystemPropertiesWrap} aText={Cannot determine default Guest Additions ISO location. Most likely they are not available}, preserve=false aResultDetail=0
00:00:00.178918 nspr-2   Loading settings file "/home/michael/VirtualBox VMs/Mojave/Mojave.vbox" with version "1.15-linux"
00:00:00.183383 nspr-2   OCI: Local config file '/home/michael/.config/VirtualBox/oci_config' does not exist
00:00:00.183422 nspr-2   OCI: Original config file '/home/michael/.oci/config' does not exist
00:00:00.183430 nspr-2   OCI: Reading profiles finished with status NS_OK
00:00:00.183667 nspr-2   ExtPack: Created cloud provider 'OCI' (hrc=NS_OK)
00:00:00.183705 nspr-2   VirtualBox: object created
00:00:09.664431 nspr-2   Launched VM: 2483031856 pid: 4981 (0x1375) frontend: GUI/Qt name: Mojave
00:00:10.053224 nspr-5   Load [/usr/lib/virtualbox/ExtensionPacks/Oracle_VM_VirtualBox_Extension_Pack/linux.amd64/VBoxHostWebcam.so] vrc=VINF_SUCCESS
00:00:10.341914 nspr-2   ERROR [COM]: aRC=VBOX_E_IPRT_ERROR (0x80bb0005) aIID={85632c68-b5bb-4316-a900-5eb28d3413df} aComponent={SessionMachine} aText={Saved screenshot data is not available (VERR_NOT_SUPPORTED)}, preserve=false aResultDetail=-37
00:00:10.372997 nspr-2   NetIfAdpCtlOut: VBoxNetAdpCtl: Error while retrieving link speed for wlp59s0: VBoxNetAdpCtl: ioctl failed: Operation not supported
00:00:10.492049 nspr-2   NetIfAdpCtlOut: VBoxNetAdpCtl: Error while retrieving link speed for wlp59s0: VBoxNetAdpCtl: ioctl failed: Operation not supported
00:00:20.683406 nspr-2   Load [/usr/lib/virtualbox/ExtensionPacks/Oracle_VM_VirtualBox_Extension_Pack/linux.amd64/VBoxHostWebcam.so] vrc=VINF_SUCCESS
00:01:56.366023 USBPROXY USBProxyBackendLinux: Device 05ac:1281 (sysfs:/sys/devices/pci0000:00/0000:00:14.0/usb1/1-5//device:/dev/vboxusb/001/012) isn't accessible. giving udev a few seconds to fix this...
00:11:30.728342 nspr-4   Saving settings file "/home/michael/.config/VirtualBox/VirtualBox.xml" with version "1.12-linux"
00:11:30.737027 nspr-4   Saving settings file "/home/michael/.config/VirtualBox/VirtualBox.xml" with version "1.12-linux"
00:11:30.750665 nspr-6   Saving settings file "/home/michael/.config/VirtualBox/VirtualBox.xml" with version "1.12-linux"
00:11:30.754786 nspr-2   Saving settings file "/home/michael/.config/VirtualBox/VirtualBox.xml" with version "1.12-linux"
00:13:01.160114 USBPROXY USBProxyBackendLinux: Device 2109:0102 (sysfs:/sys/devices/pci0000:00/0000:00:14.0/usb1/1-5/1-5.4//device:/dev/vboxusb/001/022) isn't accessible. giving udev a few seconds to fix this...
00:13:03.898646 USBPROXY USBProxyBackendLinux: Device 0416:0123 (sysfs:/sys/devices/pci0000:00/0000:00:14.0/usb1/1-5/1-5.3//device:/dev/vboxusb/001/023) isn't accessible. giving udev a few seconds to fix this...
00:44:18.519315 USBPROXY USBProxyBackendLinux: Device 05ac:1281 (sysfs:/sys/devices/pci0000:00/0000:00:14.0/usb1/1-5//device:/dev/vboxusb/001/049) isn't accessible. giving udev a few seconds to fix this...
01:00:53.945098 nspr-8   ERROR [COM]: aRC=VBOX_E_IPRT_ERROR (0x80bb0005) aIID={85632c68-b5bb-4316-a900-5eb28d3413df} aComponent={SessionMachine} aText={Saved screenshot data is not available (VERR_NOT_SUPPORTED)}, preserve=false aResultDetail=-37
01:11:25.399445 USBPROXY USBProxyBackendLinux: Device 05ac:12a8 (sysfs:/sys/devices/pci0000:00/0000:00:14.0/usb1/1-5//device:/dev/vboxusb/001/068) isn't accessible. giving udev a few seconds to fix this...
01:13:41.491587 nspr-2   NetIfAdpCtlOut: VBoxNetAdpCtl: Error while retrieving link speed for wlp59s0: VBoxNetAdpCtl: ioctl failed: Operation not supported
01:13:41.499235 nspr-5   NetIfAdpCtlOut: VBoxNetAdpCtl: Error while retrieving link speed for wlp59s0: VBoxNetAdpCtl: ioctl failed: Operation not supported
01:14:12.962006 nspr-2   Saving settings file "/home/michael/VirtualBox VMs/Mojave/Mojave.vbox" with version "1.15-linux"
01:14:52.919812 nspr-8   NetIfAdpCtlOut: VBoxNetAdpCtl: Error while retrieving link speed for wlp59s0: VBoxNetAdpCtl: ioctl failed: Operation not supported
01:14:52.925553 nspr-8   NetIfAdpCtlOut: VBoxNetAdpCtl: Error while retrieving link speed for wlp59s0: VBoxNetAdpCtl: ioctl failed: Operation not supported
01:14:57.360788 nspr-6   Saving settings file "/home/michael/VirtualBox VMs/Mojave/Mojave.vbox" with version "1.15-linux"
01:14:59.764658 nspr-8   Saving settings file "/home/michael/.config/VirtualBox/VirtualBox.xml" with version "1.12-linux"
01:14:59.781689 nspr-6   Saving settings file "/home/michael/.config/VirtualBox/VirtualBox.xml" with version "1.12-linux"
01:14:59.786469 nspr-5   Saving settings file "/home/michael/.config/VirtualBox/VirtualBox.xml" with version "1.12-linux"
01:45:48.989288 nspr-7   Saving settings file "/home/michael/VirtualBox VMs/Mojave/Mojave.vbox" with version "1.15-linux"
01:45:49.029641 nspr-3   Saving settings file "/home/michael/VirtualBox VMs/Mojave/Mojave.vbox" with version "1.15-linux"
01:45:49.041737 nspr-4   Saving settings file "/home/michael/VirtualBox VMs/Mojave/Mojave.vbox" with version "1.15-linux"
01:45:54.562014 main     VirtualBox: object deletion starts
01:45:54.562091 main     ERROR [COM]: aRC=VBOX_E_OBJECT_IN_USE (0x80bb000c) aIID={ad47ad09-787b-44ab-b343-a082a3f2dfb1} aComponent={MediumWrap} aText={Medium '/home/michael/VirtualBox VMs/Mojave/Mojave.vdi' cannot be closed because it is still attached to 1 virtual machines}, preserve=false aResultDetail=0
01:45:54.562146 main     ERROR [COM]: aRC=VBOX_E_OBJECT_IN_USE (0x80bb000c) aIID={ad47ad09-787b-44ab-b343-a082a3f2dfb1} aComponent={MediumWrap} aText={Medium '/home/michael/VirtualBox VMs/Mojave/Mojave.vmdk' cannot be closed because it is still attached to 1 virtual machines}, preserve=false aResultDetail=0
01:45:54.562971 main     HostDnsMonitor: shutting down ...
01:45:54.563410 main     HostDnsMonitor: shut down
01:45:55.004948 Watcher  ERROR [COM]: aRC=E_ACCESSDENIED (0x80070005) aIID={d0a0163f-e254-4e5b-a1f2-011cf991c38d} aComponent={VirtualBoxWrap} aText={The object is not ready}, preserve=false aResultDetail=0
01:45:59.564047 main     {00007fb99801b500} HostPowerServiceLinux::~HostPowerServiceLinux: RTThreadWait() for 5000 ms failed with VERR_TIMEOUT
01:45:59.564985 main     VirtualBox: object deleted
